<?xml version="1.0" encoding="UTF-8" ?>
<testsuite tests="7" failures="0" name="com.company.hrm.dao.impl.EmpDaoImplTest" time="1.944" errors="0" skipped="0">
  <properties>
[...]
</properties>
  <testcase classname="com.company.hrm.dao.impl.EmpDaoImplTest" name="delete" time="0.622"/>
  <testcase classname="com.company.hrm.dao.impl.EmpDaoImplTest" name="findAll" time="0.829"/>
  <testcase classname="com.company.hrm.dao.impl.EmpDaoImplTest" name="update" time="0.112"/>
  <testcase classname="com.company.hrm.dao.impl.EmpDaoImplTest" name="findById" time="0.113"/>
  <testcase classname="com.company.hrm.dao.impl.EmpDaoImplTest" name="findByName" time="0.11"/>
  <testcase classname="com.company.hrm.dao.impl.EmpDaoImplTest" name="findByPage" time="0.07"/>
  <testcase classname="com.company.hrm.dao.impl.EmpDaoImplTest" name="save" time="0.088"/>
</testsuite>